<?xml version="1.0" encoding="UTF-8" ?>
<testsuite errors="1" failures="0" hostname="debugger" name="com/mycompany/app/MainTest" tests="1" time="0.0" timestamp="2014-06-22T18:24:45">
  <properties>
[...]
</properties>
  <error message="com/mycompany/app/MainTest" type="java.lang.ClassNotFoundException">java.lang.ClassNotFoundException: com/mycompany/app/MainTest
	at java.lang.Class.forName0(Native Method)
	at java.lang.Class.forName(Class.java:264)
</error>
  <system-out><![CDATA[]]></system-out>
  <system-err><![CDATA[]]></system-err>
</testsuite>
